Determining if the pthread_create exist failed with the following output:
Change Dir: /home/asensha/SFND_LIDAR_OBSTACLE/src/quiz/ransac/build/CMakeFiles/CMakeTmp

Run Build Command:"/usr/bin/make" "cmTC_bc38f/fast"
/usr/bin/make -f CMakeFiles/cmTC_bc38f.dir/build.make CMakeFiles/cmTC_bc38f.dir/build
make[1]: Entering directory '/home/asensha/SFND_LIDAR_OBSTACLE/src/quiz/ransac/build/CMakeFiles/CMakeTmp'
Building C object CMakeFiles/cmTC_bc38f.dir/CheckSymbolExists.c.o
/usr/bin/cc     -o CMakeFiles/cmTC_bc38f.dir/CheckSymbolExists.c.o   -c /home/asensha/SFND_LIDAR_OBSTACLE/src/quiz/ransac/build/CMakeFiles/CMakeTmp/CheckSymbolExists.c
Linking C executable cmTC_bc38f
/usr/bin/cmake -E cmake_link_script CMakeFiles/cmTC_bc38f.dir/link.txt --verbose=1
/usr/bin/cc       CMakeFiles/cmTC_bc38f.dir/CheckSymbolExists.c.o  -o cmTC_bc38f -rdynamic 
CMakeFiles/cmTC_bc38f.dir/CheckSymbolExists.c.o: In function `main':
CheckSymbolExists.c:(.text+0x16): undefined reference to `pthread_create'
collect2: error: ld returned 1 exit status
CMakeFiles/cmTC_bc38f.dir/build.make:97: recipe for target 'cmTC_bc38f' failed
make[1]: *** [cmTC_bc38f] Error 1
make[1]: Leaving directory '/home/asensha/SFND_LIDAR_OBSTACLE/src/quiz/ransac/build/CMakeFiles/CMakeTmp'
Makefile:126: recipe for target 'cmTC_bc38f/fast' failed
make: *** [cmTC_bc38f/fast] Error 2

File /home/asensha/SFND_LIDAR_OBSTACLE/src/quiz/ransac/build/CMakeFiles/CMakeTmp/CheckSymbolExists.c:
/* */
#include <pthread.h>

int main(int argc, char** argv)
{
  (void)argv;
#ifndef pthread_create
  return ((int*)(&pthread_create))[argc];
#else
  (void)argc;
  return 0;
#endif
}

Determining if the function pthread_create exists in the pthreads failed with the following output:
Change Dir: /home/asensha/SFND_LIDAR_OBSTACLE/src/quiz/ransac/build/CMakeFiles/CMakeTmp

Run Build Command:"/usr/bin/make" "cmTC_48a1e/fast"
/usr/bin/make -f CMakeFiles/cmTC_48a1e.dir/build.make CMakeFiles/cmTC_48a1e.dir/build
make[1]: Entering directory '/home/asensha/SFND_LIDAR_OBSTACLE/src/quiz/ransac/build/CMakeFiles/CMakeTmp'
Building C object CMakeFiles/cmTC_48a1e.dir/CheckFunctionExists.c.o
/usr/bin/cc    -DCHECK_FUNCTION_EXISTS=pthread_create   -o CMakeFiles/cmTC_48a1e.dir/CheckFunctionExists.c.o   -c /usr/share/cmake-3.5/Modules/CheckFunctionExists.c
Linking C executable cmTC_48a1e
/usr/bin/cmake -E cmake_link_script CMakeFiles/cmTC_48a1e.dir/link.txt --verbose=1
/usr/bin/cc   -DCHECK_FUNCTION_EXISTS=pthread_create    CMakeFiles/cmTC_48a1e.dir/CheckFunctionExists.c.o  -o cmTC_48a1e -rdynamic -lpthreads 
/usr/bin/ld: cannot find -lpthreads
collect2: error: ld returned 1 exit status
CMakeFiles/cmTC_48a1e.dir/build.make:97: recipe for target 'cmTC_48a1e' failed
make[1]: *** [cmTC_48a1e] Error 1
make[1]: Leaving directory '/home/asensha/SFND_LIDAR_OBSTACLE/src/quiz/ransac/build/CMakeFiles/CMakeTmp'
Makefile:126: recipe for target 'cmTC_48a1e/fast' failed
make: *** [cmTC_48a1e/fast] Error 2


